<?xml version="1.0" encoding="UTF-8"?>
<coverage generated="1718028848">
  <project timestamp="1718028848">
    <file name="/var/www/evolutionbets/vendor/denis660/laravel-centrifugo/src/Centrifugo.php">
      <class name="denis660\Centrifugo\Centrifugo" namespace="global">
        <metrics complexity="33" methods="21" coveredmethods="15" conditionals="0" coveredconditionals="0" statements="110" coveredstatements="88" elements="131" coveredelements="103"/>
      </class>
      <line num="28" type="method" name="__construct" visibility="public" complexity="1" crap="1" count="11"/>
      <line num="30" type="stmt" count="11"/>
      <line num="31" type="stmt" count="11"/>
      <line num="37" type="method" name="initConfiguration" visibility="protected" complexity="3" crap="3" count="11"/>
      <line num="39" type="stmt" count="11"/>
      <line num="40" type="stmt" count="11"/>
      <line num="41" type="stmt" count="11"/>
      <line num="42" type="stmt" count="11"/>
      <line num="43" type="stmt" count="11"/>
      <line num="44" type="stmt" count="11"/>
      <line num="45" type="stmt" count="11"/>
      <line num="47" type="stmt" count="11"/>
      <line num="48" type="stmt" count="11"/>
      <line num="49" type="stmt" count="11"/>
      <line num="53" type="stmt" count="11"/>
      <line num="59" type="method" name="publish" visibility="public" complexity="1" crap="1" count="3"/>
      <line num="61" type="stmt" count="3"/>
      <line num="62" type="stmt" count="3"/>
      <line num="63" type="stmt" count="3"/>
      <line num="64" type="stmt" count="3"/>
      <line num="65" type="stmt" count="3"/>
      <line num="71" type="method" name="broadcast" visibility="public" complexity="1" crap="1" count="1"/>
      <line num="73" type="stmt" count="1"/>
      <line num="74" type="stmt" count="1"/>
      <line num="75" type="stmt" count="1"/>
      <line num="76" type="stmt" count="1"/>
      <line num="77" type="stmt" count="1"/>
      <line num="79" type="stmt" count="1"/>
      <line num="85" type="method" name="presence" visibility="public" complexity="1" crap="1" count="1"/>
      <line num="87" type="stmt" count="1"/>
      <line num="93" type="method" name="presenceStats" visibility="public" complexity="1" crap="1" count="1"/>
      <line num="95" type="stmt" count="1"/>
      <line num="101" type="method" name="history" visibility="public" complexity="2" crap="2.01" count="1"/>
      <line num="103" type="stmt" count="1"/>
      <line num="104" type="stmt" count="1"/>
      <line num="105" type="stmt" count="1"/>
      <line num="106" type="stmt" count="1"/>
      <line num="107" type="stmt" count="1"/>
      <line num="108" type="stmt" count="1"/>
      <line num="109" type="stmt" count="0"/>
      <line num="112" type="stmt" count="1"/>
      <line num="118" type="method" name="historyRemove" visibility="public" complexity="1" crap="2" count="0"/>
      <line num="120" type="stmt" count="0"/>
      <line num="121" type="stmt" count="0"/>
      <line num="122" type="stmt" count="0"/>
      <line num="128" type="method" name="subscribe" visibility="public" complexity="1" crap="2" count="0"/>
      <line num="130" type="stmt" count="0"/>
      <line num="131" type="stmt" count="0"/>
      <line num="132" type="stmt" count="0"/>
      <line num="133" type="stmt" count="0"/>
      <line num="134" type="stmt" count="0"/>
      <line num="140" type="method" name="unsubscribe" visibility="public" complexity="1" crap="1" count="2"/>
      <line num="142" type="stmt" count="2"/>
      <line num="143" type="stmt" count="2"/>
      <line num="144" type="stmt" count="2"/>
      <line num="145" type="stmt" count="2"/>
      <line num="146" type="stmt" count="2"/>
      <line num="152" type="method" name="disconnect" visibility="public" complexity="1" crap="2" count="0"/>
      <line num="154" type="stmt" count="0"/>
      <line num="155" type="stmt" count="0"/>
      <line num="156" type="stmt" count="0"/>
      <line num="157" type="stmt" count="0"/>
      <line num="163" type="method" name="channels" visibility="public" complexity="1" crap="1" count="1"/>
      <line num="165" type="stmt" count="1"/>
      <line num="171" type="method" name="info" visibility="public" complexity="1" crap="2" count="0"/>
      <line num="173" type="stmt" count="0"/>
      <line num="179" type="method" name="generateConnectionToken" visibility="public" complexity="3" crap="3" count="1"/>
      <line num="181" type="stmt" count="1"/>
      <line num="182" type="stmt" count="1"/>
      <line num="184" type="stmt" count="1"/>
      <line num="185" type="stmt" count="1"/>
      <line num="186" type="stmt" count="1"/>
      <line num="190" type="stmt" count="1"/>
      <line num="191" type="stmt" count="1"/>
      <line num="192" type="stmt" count="1"/>
      <line num="193" type="stmt" count="1"/>
      <line num="194" type="stmt" count="1"/>
      <line num="195" type="stmt" count="1"/>
      <line num="197" type="stmt" count="1"/>
      <line num="203" type="method" name="generatePrivateChannelToken" visibility="public" complexity="3" crap="3" count="1"/>
      <line num="205" type="stmt" count="1"/>
      <line num="206" type="stmt" count="1"/>
      <line num="207" type="stmt" count="1"/>
      <line num="208" type="stmt" count="1"/>
      <line num="210" type="stmt" count="1"/>
      <line num="211" type="stmt" count="1"/>
      <line num="213" type="stmt" count="1"/>
      <line num="214" type="stmt" count="1"/>
      <line num="215" type="stmt" count="1"/>
      <line num="216" type="stmt" count="1"/>
      <line num="217" type="stmt" count="1"/>
      <line num="218" type="stmt" count="1"/>
      <line num="220" type="stmt" count="1"/>
      <line num="226" type="method" name="getSecret" visibility="protected" complexity="1" crap="1" count="1"/>
      <line num="228" type="stmt" count="1"/>
      <line num="234" type="method" name="getApiKey" visibility="protected" complexity="1" crap="1" count="10"/>
      <line num="236" type="stmt" count="10"/>
      <line num="242" type="method" name="send" visibility="protected" complexity="5" crap="5.93" count="10"/>
      <line num="244" type="stmt" count="10"/>
      <line num="246" type="stmt" count="10"/>
      <line num="247" type="stmt" count="10"/>
      <line num="248" type="stmt" count="10"/>
      <line num="249" type="stmt" count="10"/>
      <line num="252" type="stmt" count="10"/>
      <line num="254" type="stmt" count="10"/>
      <line num="255" type="stmt" count="10"/>
      <line num="256" type="stmt" count="10"/>
      <line num="257" type="stmt" count="10"/>
      <line num="258" type="stmt" count="10"/>
      <line num="260" type="stmt" count="10"/>
      <line num="261" type="stmt" count="0"/>
      <line num="263" type="stmt" count="0"/>
      <line num="264" type="stmt" count="0"/>
      <line num="268" type="stmt" count="10"/>
      <line num="270" type="stmt" count="8"/>
      <line num="271" type="stmt" count="2"/>
      <line num="272" type="stmt" count="0"/>
      <line num="273" type="stmt" count="0"/>
      <line num="274" type="stmt" count="0"/>
      <line num="275" type="stmt" count="0"/>
      <line num="276" type="stmt" count="0"/>
      <line num="279" type="stmt" count="8"/>
      <line num="285" type="method" name="prepareUrl" visibility="protected" complexity="2" crap="2" count="10"/>
      <line num="287" type="stmt" count="10"/>
      <line num="289" type="stmt" count="10"/>
      <line num="290" type="stmt" count="10"/>
      <line num="293" type="stmt" count="10"/>
      <line num="301" type="method" name="urlsafeB64Encode" visibility="private" complexity="1" crap="1" count="1"/>
      <line num="303" type="stmt" count="1"/>
      <line num="309" type="method" name="sign" visibility="private" complexity="1" crap="1" count="1"/>
      <line num="311" type="stmt" count="1"/>
      <metrics loc="314" ncloc="243" classes="1" methods="21" coveredmethods="15" conditionals="0" coveredconditionals="0" statements="110" coveredstatements="88" elements="131" coveredelements="103"/>
    </file>
    <file name="/var/www/evolutionbets/vendor/denis660/laravel-centrifugo/src/CentrifugoBroadcaster.php">
      <class name="denis660\Centrifugo\CentrifugoBroadcaster" namespace="global">
        <metrics complexity="22" methods="10" coveredmethods="0" conditionals="0" coveredconditionals="0" statements="45" coveredstatements="0" elements="55" coveredelements="0"/>
      </class>
      <line num="24" type="method" name="__construct" visibility="public" complexity="1" crap="2" count="0"/>
      <line num="26" type="stmt" count="0"/>
      <line num="34" type="method" name="auth" visibility="public" complexity="6" crap="42" count="0"/>
      <line num="36" type="stmt" count="0"/>
      <line num="37" type="stmt" count="0"/>
      <line num="38" type="stmt" count="0"/>
      <line num="40" type="stmt" count="0"/>
      <line num="41" type="stmt" count="0"/>
      <line num="42" type="stmt" count="0"/>
      <line num="43" type="stmt" count="0"/>
      <line num="46" type="stmt" count="0"/>
      <line num="47" type="stmt" count="0"/>
      <line num="48" type="stmt" count="0"/>
      <line num="51" type="stmt" count="0"/>
      <line num="52" type="stmt" count="0"/>
      <line num="54" type="stmt" count="0"/>
      <line num="58" type="stmt" count="0"/>
      <line num="60" type="stmt" count="0"/>
      <line num="68" type="method" name="validAuthenticationResponse" visibility="public" complexity="1" crap="2" count="0"/>
      <line num="70" type="stmt" count="0"/>
      <line num="78" type="method" name="broadcast" visibility="public" complexity="4" crap="20" count="0"/>
      <line num="80" type="stmt" count="0"/>
      <line num="81" type="stmt" count="0"/>
      <line num="82" type="stmt" count="0"/>
      <line num="83" type="stmt" count="0"/>
      <line num="85" type="stmt" count="0"/>
      <line num="87" type="stmt" count="0"/>
      <line num="88" type="stmt" count="0"/>
      <line num="91" type="stmt" count="0"/>
      <line num="101" type="method" name="getClientFromRequest" visibility="private" complexity="1" crap="2" count="0"/>
      <line num="103" type="stmt" count="0"/>
      <line num="113" type="method" name="getChannelsFromRequest" visibility="private" complexity="2" crap="6" count="0"/>
      <line num="115" type="stmt" count="0"/>
      <line num="117" type="stmt" count="0"/>
      <line num="125" type="method" name="getChannelName" visibility="private" complexity="2" crap="6" count="0"/>
      <line num="127" type="stmt" count="0"/>
      <line num="133" type="method" name="isPrivateChannel" visibility="private" complexity="1" crap="2" count="0"/>
      <line num="135" type="stmt" count="0"/>
      <line num="143" type="method" name="makeResponseForClient" visibility="private" complexity="2" crap="6" count="0"/>
      <line num="145" type="stmt" count="0"/>
      <line num="147" type="stmt" count="0"/>
      <line num="148" type="stmt" count="0"/>
      <line num="149" type="stmt" count="0"/>
      <line num="150" type="stmt" count="0"/>
      <line num="151" type="stmt" count="0"/>
      <line num="152" type="stmt" count="0"/>
      <line num="160" type="method" name="makeResponseForPrivateClient" visibility="private" complexity="2" crap="6" count="0"/>
      <line num="162" type="stmt" count="0"/>
      <line num="164" type="stmt" count="0"/>
      <line num="165" type="stmt" count="0"/>
      <line num="166" type="stmt" count="0"/>
      <line num="167" type="stmt" count="0"/>
      <line num="168" type="stmt" count="0"/>
      <line num="169" type="stmt" count="0"/>
      <line num="170" type="stmt" count="0"/>
      <metrics loc="173" ncloc="118" classes="1" methods="10" coveredmethods="0" conditionals="0" coveredconditionals="0" statements="45" coveredstatements="0" elements="55" coveredelements="0"/>
    </file>
    <file name="/var/www/evolutionbets/vendor/denis660/laravel-centrifugo/src/CentrifugoServiceProvider.php">
      <class name="denis660\Centrifugo\CentrifugoServiceProvider" namespace="global">
        <metrics complexity="2" methods="2" coveredmethods="1" conditionals="0" coveredconditionals="0" statements="10" coveredstatements="9" elements="12" coveredelements="10"/>
      </class>
      <line num="17" type="method" name="boot" visibility="public" complexity="1" crap="1.04" count="11"/>
      <line num="19" type="stmt" count="11"/>
      <line num="20" type="stmt" count="0"/>
      <line num="21" type="stmt" count="11"/>
      <line num="27" type="method" name="register" visibility="public" complexity="1" crap="1" count="11"/>
      <line num="29" type="stmt" count="11"/>
      <line num="30" type="stmt" count="11"/>
      <line num="31" type="stmt" count="11"/>
      <line num="33" type="stmt" count="11"/>
      <line num="34" type="stmt" count="11"/>
      <line num="36" type="stmt" count="11"/>
      <line num="37" type="stmt" count="11"/>
      <metrics loc="40" ncloc="34" classes="1" methods="2" coveredmethods="1" conditionals="0" coveredconditionals="0" statements="10" coveredstatements="9" elements="12" coveredelements="10"/>
    </file>
    <file name="/var/www/evolutionbets/vendor/denis660/laravel-centrifugo/src/Contracts/CentrifugoInterface.php">
      <metrics loc="80" ncloc="35" classes="0" methods="0" coveredmethods="0" conditionals="0" coveredconditionals="0" statements="0" coveredstatements="0" elements="0" coveredelements="0"/>
    </file>
    <metrics files="4" loc="607" ncloc="430" classes="3" methods="33" coveredmethods="16" conditionals="0" coveredconditionals="0" statements="165" coveredstatements="97" elements="198" coveredelements="113"/>
  </project>
</coverage>
