<?xml version="1.0" encoding="UTF-8"?>
<testsuites>
  <testsuite name="/var/www/evolutionbets/vendor/denis660/laravel-centrifugo/phpunit.xml.dist" tests="11" assertions="18" errors="0" failures="0" skipped="0" time="0.257127">
    <testsuite name="Centrifugo Test Suite" tests="11" assertions="18" errors="0" failures="0" skipped="0" time="0.257127">
      <testsuite name="denis660\Centrifugo\Test\Unit\CentrifugoTest" file="/var/www/evolutionbets/vendor/denis660/laravel-centrifugo/tests/Unit/CentrifugoTest.php" tests="11" assertions="18" errors="0" failures="0" skipped="0" time="0.257127">
        <testcase name="testGenerateToken" file="/var/www/evolutionbets/vendor/denis660/laravel-centrifugo/tests/Unit/CentrifugoTest.php" line="17" class="denis660\Centrifugo\Test\Unit\CentrifugoTest" classname="denis660.Centrifugo.Test.Unit.CentrifugoTest" assertions="2" time="0.117180"/>
        <testcase name="testCentrifugoApiPublish" file="/var/www/evolutionbets/vendor/denis660/laravel-centrifugo/tests/Unit/CentrifugoTest.php" line="39" class="denis660\Centrifugo\Test\Unit\CentrifugoTest" classname="denis660.Centrifugo.Test.Unit.CentrifugoTest" assertions="1" time="0.017258"/>
        <testcase name="testCentrifugoApiBroadcast" file="/var/www/evolutionbets/vendor/denis660/laravel-centrifugo/tests/Unit/CentrifugoTest.php" line="53" class="denis660\Centrifugo\Test\Unit\CentrifugoTest" classname="denis660.Centrifugo.Test.Unit.CentrifugoTest" assertions="1" time="0.012737"/>
        <testcase name="testCentrifugoApiPresence" file="/var/www/evolutionbets/vendor/denis660/laravel-centrifugo/tests/Unit/CentrifugoTest.php" line="66" class="denis660\Centrifugo\Test\Unit\CentrifugoTest" classname="denis660.Centrifugo.Test.Unit.CentrifugoTest" assertions="2" time="0.013148"/>
        <testcase name="testCentrifugoApiHistory" file="/var/www/evolutionbets/vendor/denis660/laravel-centrifugo/tests/Unit/CentrifugoTest.php" line="73" class="denis660\Centrifugo\Test\Unit\CentrifugoTest" classname="denis660.Centrifugo.Test.Unit.CentrifugoTest" assertions="3" time="0.013815"/>
        <testcase name="testCentrifugoApiChannels" file="/var/www/evolutionbets/vendor/denis660/laravel-centrifugo/tests/Unit/CentrifugoTest.php" line="81" class="denis660\Centrifugo\Test\Unit\CentrifugoTest" classname="denis660.Centrifugo.Test.Unit.CentrifugoTest" assertions="1" time="0.013645"/>
        <testcase name="testCentrifugoApiUnsubscribe" file="/var/www/evolutionbets/vendor/denis660/laravel-centrifugo/tests/Unit/CentrifugoTest.php" line="87" class="denis660\Centrifugo\Test\Unit\CentrifugoTest" classname="denis660.Centrifugo.Test.Unit.CentrifugoTest" assertions="1" time="0.013085"/>
        <testcase name="testCentrifugoApiSubscribe" file="/var/www/evolutionbets/vendor/denis660/laravel-centrifugo/tests/Unit/CentrifugoTest.php" line="95" class="denis660\Centrifugo\Test\Unit\CentrifugoTest" classname="denis660.Centrifugo.Test.Unit.CentrifugoTest" assertions="1" time="0.013799"/>
        <testcase name="testCentrifugoApiStats" file="/var/www/evolutionbets/vendor/denis660/laravel-centrifugo/tests/Unit/CentrifugoTest.php" line="102" class="denis660\Centrifugo\Test\Unit\CentrifugoTest" classname="denis660.Centrifugo.Test.Unit.CentrifugoTest" assertions="2" time="0.013967"/>
        <testcase name="testTimeoutFunction" file="/var/www/evolutionbets/vendor/denis660/laravel-centrifugo/tests/Unit/CentrifugoTest.php" line="115" class="denis660\Centrifugo\Test\Unit\CentrifugoTest" classname="denis660.Centrifugo.Test.Unit.CentrifugoTest" assertions="2" time="0.014525"/>
        <testcase name="testTriesFunction" file="/var/www/evolutionbets/vendor/denis660/laravel-centrifugo/tests/Unit/CentrifugoTest.php" line="147" class="denis660\Centrifugo\Test\Unit\CentrifugoTest" classname="denis660.Centrifugo.Test.Unit.CentrifugoTest" assertions="2" time="0.013969"/>
      </testsuite>
    </testsuite>
  </testsuite>
</testsuites>
